This is XeTeX, Version 3.141592653-2.6-0.999993 (TeX Live 2021/W32TeX) (preloaded format=xelatex 2022.3.7)  14 APR 2022 22:57
entering extended mode
 restricted \write18 enabled.
 %&-line parsing enabled.
**林搏海Lab2.tex
(./林搏海Lab2.tex
LaTeX2e <2020-10-01> patch level 4
L3 programming layer <2021-02-18>
(d:/TexLive/DIR/texlive/2021/texmf-dist/tex/latex/elegantpaper/elegantpaper.cls
Document Class: elegantpaper 2020/04/12 v0.09 ElegantLaTeX Paper class
(d:/TexLive/DIR/texlive/2021/texmf-dist/tex/latex/kvoptions/kvoptions.sty
Package: kvoptions 2020-10-07 v3.14 Key value format for package options (HO)

(d:/TexLive/DIR/texlive/2021/texmf-dist/tex/latex/graphics/keyval.sty
Package: keyval 2014/10/28 v1.15 key=value parser (DPC)
\KV@toks@=\toks15
)
(d:/TexLive/DIR/texlive/2021/texmf-dist/tex/generic/ltxcmds/ltxcmds.sty
Package: ltxcmds 2020-05-10 v1.25 LaTeX kernel commands for general use (HO)
)
(d:/TexLive/DIR/texlive/2021/texmf-dist/tex/generic/kvsetkeys/kvsetkeys.sty
Package: kvsetkeys 2019/12/15 v1.18 Key value parser (HO)
))
(d:/TexLive/DIR/texlive/2021/texmf-dist/tex/latex/etoolbox/etoolbox.sty
Package: etoolbox 2020/10/05 v2.5k e-TeX tools for LaTeX (JAW)
\etb@tempcnta=\count175
)
(d:/TexLive/DIR/texlive/2021/texmf-dist/tex/latex/tools/calc.sty
Package: calc 2017/05/25 v4.3 Infix arithmetic (KKT,FJ)
\calc@Acount=\count176
\calc@Bcount=\count177
\calc@Adimen=\dimen138
\calc@Bdimen=\dimen139
\calc@Askip=\skip47
\calc@Bskip=\skip48
LaTeX Info: Redefining \setlength on input line 80.
LaTeX Info: Redefining \addtolength on input line 81.
\calc@Ccount=\count178
\calc@Cskip=\skip49
)
(d:/TexLive/DIR/texlive/2021/texmf-dist/tex/latex/base/article.cls
Document Class: article 2020/04/10 v1.4m Standard LaTeX document class
(d:/TexLive/DIR/texlive/2021/texmf-dist/tex/latex/base/size11.clo
File: size11.clo 2020/04/10 v1.4m Standard LaTeX file (size option)
)
\c@part=\count179
\c@section=\count180
\c@subsection=\count181
\c@subsubsection=\count182
\c@paragraph=\count183
\c@subparagraph=\count184
\c@figure=\count185
\c@table=\count186
\abovecaptionskip=\skip50
\belowcaptionskip=\skip51
\bibindent=\dimen140
)
(d:/TexLive/DIR/texlive/2021/texmf-dist/tex/latex/hyperref/hyperref.sty
Package: hyperref 2021-02-27 v7.00k Hypertext links for LaTeX

(d:/TexLive/DIR/texlive/2021/texmf-dist/tex/generic/iftex/iftex.sty
Package: iftex 2020/03/06 v1.0d TeX engine tests
)
(d:/TexLive/DIR/texlive/2021/texmf-dist/tex/generic/pdftexcmds/pdftexcmds.sty
Package: pdftexcmds 2020-06-27 v0.33 Utility functions of pdfTeX for LuaTeX (HO
)

(d:/TexLive/DIR/texlive/2021/texmf-dist/tex/generic/infwarerr/infwarerr.sty
Package: infwarerr 2019/12/03 v1.5 Providing info/warning/error messages (HO)
)
Package pdftexcmds Info: \pdf@primitive is available.
Package pdftexcmds Info: \pdf@ifprimitive is available.
Package pdftexcmds Info: \pdfdraftmode not found.
)
(d:/TexLive/DIR/texlive/2021/texmf-dist/tex/generic/kvdefinekeys/kvdefinekeys.s
ty
Package: kvdefinekeys 2019-12-19 v1.6 Define keys (HO)
) (d:/TexLive/DIR/texlive/2021/texmf-dist/tex/generic/pdfescape/pdfescape.sty
Package: pdfescape 2019/12/09 v1.15 Implements pdfTeX's escape features (HO)
) (d:/TexLive/DIR/texlive/2021/texmf-dist/tex/latex/hycolor/hycolor.sty
Package: hycolor 2020-01-27 v1.10 Color options for hyperref/bookmark (HO)
)
(d:/TexLive/DIR/texlive/2021/texmf-dist/tex/latex/letltxmacro/letltxmacro.sty
Package: letltxmacro 2019/12/03 v1.6 Let assignment for LaTeX macros (HO)
)
(d:/TexLive/DIR/texlive/2021/texmf-dist/tex/latex/auxhook/auxhook.sty
Package: auxhook 2019-12-17 v1.6 Hooks for auxiliary files (HO)
)
\@linkdim=\dimen141
\Hy@linkcounter=\count187
\Hy@pagecounter=\count188

(d:/TexLive/DIR/texlive/2021/texmf-dist/tex/latex/hyperref/pd1enc.def
File: pd1enc.def 2021-02-27 v7.00k Hyperref: PDFDocEncoding definition (HO)
)
(d:/TexLive/DIR/texlive/2021/texmf-dist/tex/latex/hyperref/hyperref-langpatches
.def
File: hyperref-langpatches.def 2021-02-27 v7.00k Hyperref: patches for babel la
nguages
) (d:/TexLive/DIR/texlive/2021/texmf-dist/tex/generic/intcalc/intcalc.sty
Package: intcalc 2019/12/15 v1.3 Expandable calculations with integers (HO)
)
(d:/TexLive/DIR/texlive/2021/texmf-dist/tex/generic/etexcmds/etexcmds.sty
Package: etexcmds 2019/12/15 v1.7 Avoid name clashes with e-TeX commands (HO)
)
\Hy@SavedSpaceFactor=\count189

(d:/TexLive/DIR/texlive/2021/texmf-dist/tex/latex/hyperref/puenc.def
File: puenc.def 2021-02-27 v7.00k Hyperref: PDF Unicode definition (HO)
)
Package hyperref Info: Hyper figures OFF on input line 4192.
Package hyperref Info: Link nesting OFF on input line 4197.
Package hyperref Info: Hyper index ON on input line 4200.
Package hyperref Info: Plain pages OFF on input line 4207.
Package hyperref Info: Backreferencing OFF on input line 4212.
Package hyperref Info: Implicit mode ON; LaTeX internals redefined.
Package hyperref Info: Bookmarks ON on input line 4445.
\c@Hy@tempcnt=\count190

(d:/TexLive/DIR/texlive/2021/texmf-dist/tex/latex/url/url.sty
\Urlmuskip=\muskip16
Package: url 2013/09/16  ver 3.4  Verb mode for urls, etc.
)
LaTeX Info: Redefining \url on input line 4804.
\XeTeXLinkMargin=\dimen142

(d:/TexLive/DIR/texlive/2021/texmf-dist/tex/generic/bitset/bitset.sty
Package: bitset 2019/12/09 v1.3 Handle bit-vector datatype (HO)

(d:/TexLive/DIR/texlive/2021/texmf-dist/tex/generic/bigintcalc/bigintcalc.sty
Package: bigintcalc 2019/12/15 v1.5 Expandable calculations on big integers (HO
)
))
\Fld@menulength=\count191
\Field@Width=\dimen143
\Fld@charsize=\dimen144
Package hyperref Info: Hyper figures OFF on input line 6075.
Package hyperref Info: Link nesting OFF on input line 6080.
Package hyperref Info: Hyper index ON on input line 6083.
Package hyperref Info: backreferencing OFF on input line 6090.
Package hyperref Info: Link coloring OFF on input line 6095.
Package hyperref Info: Link coloring with OCG OFF on input line 6100.
Package hyperref Info: PDF/A mode OFF on input line 6105.
LaTeX Info: Redefining \ref on input line 6145.
LaTeX Info: Redefining \pageref on input line 6149.
(d:/TexLive/DIR/texlive/2021/texmf-dist/tex/latex/base/atbegshi-ltx.sty
Package: atbegshi-ltx 2020/08/17 v1.0a Emulation of the original atbegshi packa
ge
with kernel methods
)
\Hy@abspage=\count192
\c@Item=\count193
\c@Hfootnote=\count194
)
Package hyperref Info: Driver (autodetected): hxetex.

(d:/TexLive/DIR/texlive/2021/texmf-dist/tex/latex/hyperref/hxetex.def
File: hxetex.def 2021-02-27 v7.00k Hyperref driver for XeTeX

(d:/TexLive/DIR/texlive/2021/texmf-dist/tex/generic/stringenc/stringenc.sty
Package: stringenc 2019/11/29 v1.12 Convert strings between diff. encodings (HO
)
)
\pdfm@box=\box47
\c@Hy@AnnotLevel=\count195
\HyField@AnnotCount=\count196
\Fld@listcount=\count197
\c@bookmark@seq@number=\count198

(d:/TexLive/DIR/texlive/2021/texmf-dist/tex/latex/rerunfilecheck/rerunfilecheck
.sty
Package: rerunfilecheck 2019/12/05 v1.9 Rerun checks for auxiliary files (HO)
 (d:/TexLive/DIR/texlive/2021/texmf-dist/tex/latex/base/atveryend-ltx.sty
Package: atveryend-ltx 2020/08/19 v1.0a Emulation of the original atvery packag
e
with kernel methods
)
(d:/TexLive/DIR/texlive/2021/texmf-dist/tex/generic/uniquecounter/uniquecounter
.sty
Package: uniquecounter 2019/12/15 v1.4 Provide unlimited unique counter (HO)
)
Package uniquecounter Info: New unique counter `rerunfilecheck' on input line 2
86.
)
\Hy@SectionHShift=\skip52
)
Package hyperref Info: Option `colorlinks' set `true' on input line 52.
 (d:/TexLive/DIR/texlive/2021/texmf-dist/tex/latex/geometry/geometry.sty
Package: geometry 2020/01/02 v5.9 Page Geometry
(d:/TexLive/DIR/texlive/2021/texmf-dist/tex/generic/iftex/ifvtex.sty
Package: ifvtex 2019/10/25 v1.7 ifvtex legacy package. Use iftex instead.
)
\Gm@cnth=\count199
\Gm@cntv=\count266
\c@Gm@tempcnt=\count267
\Gm@bindingoffset=\dimen145
\Gm@wd@mp=\dimen146
\Gm@odd@mp=\dimen147
\Gm@even@mp=\dimen148
\Gm@layoutwidth=\dimen149
\Gm@layoutheight=\dimen150
\Gm@layouthoffset=\dimen151
\Gm@layoutvoffset=\dimen152
\Gm@dimlist=\toks16
)
(d:/TexLive/DIR/texlive/2021/texmf-dist/tex/latex/amscls/amsthm.sty
Package: amsthm 2020/05/29 v2.20.6
\thm@style=\toks17
\thm@bodyfont=\toks18
\thm@headfont=\toks19
\thm@notefont=\toks20
\thm@headpunct=\toks21
\thm@preskip=\skip53
\thm@postskip=\skip54
\thm@headsep=\skip55
\dth@everypar=\toks22
)
(d:/TexLive/DIR/texlive/2021/texmf-dist/tex/latex/amsmath/amsmath.sty
Package: amsmath 2020/09/23 v2.17i AMS math features
\@mathmargin=\skip56

For additional information on amsmath, use the `?' option.
(d:/TexLive/DIR/texlive/2021/texmf-dist/tex/latex/amsmath/amstext.sty
Package: amstext 2000/06/29 v2.01 AMS text

(d:/TexLive/DIR/texlive/2021/texmf-dist/tex/latex/amsmath/amsgen.sty
File: amsgen.sty 1999/11/30 v2.0 generic functions
\@emptytoks=\toks23
\ex@=\dimen153
))
(d:/TexLive/DIR/texlive/2021/texmf-dist/tex/latex/amsmath/amsbsy.sty
Package: amsbsy 1999/11/29 v1.2d Bold Symbols
\pmbraise@=\dimen154
)
(d:/TexLive/DIR/texlive/2021/texmf-dist/tex/latex/amsmath/amsopn.sty
Package: amsopn 2016/03/08 v2.02 operator names
)
\inf@bad=\count268
LaTeX Info: Redefining \frac on input line 234.
\uproot@=\count269
\leftroot@=\count270
LaTeX Info: Redefining \overline on input line 399.
\classnum@=\count271
\DOTSCASE@=\count272
LaTeX Info: Redefining \ldots on input line 496.
LaTeX Info: Redefining \dots on input line 499.
LaTeX Info: Redefining \cdots on input line 620.
\Mathstrutbox@=\box48
\strutbox@=\box49
\big@size=\dimen155
LaTeX Font Info:    Redeclaring font encoding OML on input line 743.
LaTeX Font Info:    Redeclaring font encoding OMS on input line 744.
\macc@depth=\count273
\c@MaxMatrixCols=\count274
\dotsspace@=\muskip17
\c@parentequation=\count275
\dspbrk@lvl=\count276
\tag@help=\toks24
\row@=\count277
\column@=\count278
\maxfields@=\count279
\andhelp@=\toks25
\eqnshift@=\dimen156
\alignsep@=\dimen157
\tagshift@=\dimen158
\tagwidth@=\dimen159
\totwidth@=\dimen160
\lineht@=\dimen161
\@envbody=\toks26
\multlinegap=\skip57
\multlinetaggap=\skip58
\mathdisplay@stack=\toks27
LaTeX Info: Redefining \[ on input line 2923.
LaTeX Info: Redefining \] on input line 2924.
)
(d:/TexLive/DIR/texlive/2021/texmf-dist/tex/latex/amsfonts/amssymb.sty
Package: amssymb 2013/01/14 v3.01 AMS font symbols

(d:/TexLive/DIR/texlive/2021/texmf-dist/tex/latex/amsfonts/amsfonts.sty
Package: amsfonts 2013/01/14 v3.01 Basic AMSFonts support
\symAMSa=\mathgroup4
\symAMSb=\mathgroup5
LaTeX Font Info:    Redeclaring math symbol \hbar on input line 98.
LaTeX Font Info:    Overwriting math alphabet `\mathfrak' in version `bold'
(Font)                  U/euf/m/n --> U/euf/b/n on input line 106.
))
(d:/TexLive/DIR/texlive/2021/texmf-dist/tex/latex/tools/indentfirst.sty
Package: indentfirst 1995/11/23 v1.03 Indent first paragraph (DPC)
)
(d:/TexLive/DIR/texlive/2021/texmf-dist/tex/latex/booktabs/booktabs.sty
Package: booktabs 2020/01/12 v1.61803398 Publication quality tables
\heavyrulewidth=\dimen162
\lightrulewidth=\dimen163
\cmidrulewidth=\dimen164
\belowrulesep=\dimen165
\belowbottomsep=\dimen166
\aboverulesep=\dimen167
\abovetopsep=\dimen168
\cmidrulesep=\dimen169
\cmidrulekern=\dimen170
\defaultaddspace=\dimen171
\@cmidla=\count280
\@cmidlb=\count281
\@aboverulesep=\dimen172
\@belowrulesep=\dimen173
\@thisruleclass=\count282
\@lastruleclass=\count283
\@thisrulewidth=\dimen174
)
(d:/TexLive/DIR/texlive/2021/texmf-dist/tex/latex/tools/multicol.sty
Package: multicol 2019/12/09 v1.8y multicolumn formatting (FMi)
\c@tracingmulticols=\count284
\mult@box=\box50
\multicol@leftmargin=\dimen175
\c@unbalance=\count285
\c@collectmore=\count286
\doublecol@number=\count287
\multicoltolerance=\count288
\multicolpretolerance=\count289
\full@width=\dimen176
\page@free=\dimen177
\premulticols=\dimen178
\postmulticols=\dimen179
\multicolsep=\skip59
\multicolbaselineskip=\skip60
\partial@page=\box51
\last@line=\box52
\maxbalancingoverflow=\dimen180
\mult@rightbox=\box53
\mult@grightbox=\box54
\mult@gfirstbox=\box55
\mult@firstbox=\box56
\@tempa=\box57
\@tempa=\box58
\@tempa=\box59
\@tempa=\box60
\@tempa=\box61
\@tempa=\box62
\@tempa=\box63
\@tempa=\box64
\@tempa=\box65
\@tempa=\box66
\@tempa=\box67
\@tempa=\box68
\@tempa=\box69
\@tempa=\box70
\@tempa=\box71
\@tempa=\box72
\@tempa=\box73
\@tempa=\box74
\@tempa=\box75
\@tempa=\box76
\@tempa=\box77
\@tempa=\box78
\@tempa=\box79
\@tempa=\box80
\@tempa=\box81
\@tempa=\box82
\@tempa=\box83
\@tempa=\box84
\@tempa=\box85
\@tempa=\box86
\@tempa=\box87
\@tempa=\box88
\@tempa=\box89
\@tempa=\box90
\@tempa=\box91
\@tempa=\box92
\@tempa=\box93
\c@minrows=\count290
\c@columnbadness=\count291
\c@finalcolumnbadness=\count292
\last@try=\dimen181
\multicolovershoot=\dimen182
\multicolundershoot=\dimen183
\mult@nat@firstbox=\box94
\colbreak@box=\box95
\mc@col@check@num=\count293
)
(d:/TexLive/DIR/texlive/2021/texmf-dist/tex/latex/multirow/multirow.sty
Package: multirow 2021/03/15 v2.8 Span multiple rows of a table
\multirow@colwidth=\skip61
\multirow@cntb=\count294
\multirow@dima=\skip62
\bigstrutjot=\dimen184
)
(d:/TexLive/DIR/texlive/2021/texmf-dist/tex/latex/xcolor/xcolor.sty
Package: xcolor 2016/05/11 v2.12 LaTeX color extensions (UK)

(d:/TexLive/DIR/texlive/2021/texmf-dist/tex/latex/graphics-cfg/color.cfg
File: color.cfg 2016/01/02 v1.6 sample color configuration
)
Package xcolor Info: Driver file: xetex.def on input line 225.

(d:/TexLive/DIR/texlive/2021/texmf-dist/tex/latex/graphics-def/xetex.def
File: xetex.def 2021/03/18 v5.0k Graphics/color driver for xetex
)
Package xcolor Info: Model `cmy' substituted by `cmy0' on input line 1348.
Package xcolor Info: Model `RGB' extended on input line 1364.
Package xcolor Info: Model `HTML' substituted by `rgb' on input line 1366.
Package xcolor Info: Model `Hsb' substituted by `hsb' on input line 1367.
Package xcolor Info: Model `tHsb' substituted by `hsb' on input line 1368.
Package xcolor Info: Model `HSB' substituted by `hsb' on input line 1369.
Package xcolor Info: Model `Gray' substituted by `gray' on input line 1370.
Package xcolor Info: Model `wave' substituted by `hsb' on input line 1371.
)
(d:/TexLive/DIR/texlive/2021/texmf-dist/tex/latex/graphics/graphicx.sty
Package: graphicx 2020/09/09 v1.2b Enhanced LaTeX Graphics (DPC,SPQR)

(d:/TexLive/DIR/texlive/2021/texmf-dist/tex/latex/graphics/graphics.sty
Package: graphics 2020/08/30 v1.4c Standard LaTeX Graphics (DPC,SPQR)

(d:/TexLive/DIR/texlive/2021/texmf-dist/tex/latex/graphics/trig.sty
Package: trig 2016/01/03 v1.10 sin cos tan (DPC)
)
(d:/TexLive/DIR/texlive/2021/texmf-dist/tex/latex/graphics-cfg/graphics.cfg
File: graphics.cfg 2016/06/04 v1.11 sample graphics configuration
)
Package graphics Info: Driver file: xetex.def on input line 105.
)
\Gin@req@height=\dimen185
\Gin@req@width=\dimen186
)
(d:/TexLive/DIR/texlive/2021/texmf-dist/tex/latex/fancyvrb/fancyvrb.sty
Package: fancyvrb 2021/01/20 v3.7 verbatim text (tvz,hv)
\FV@CodeLineNo=\count295
\FV@InFile=\read2
\FV@TabBox=\box96
\c@FancyVerbLine=\count296
\FV@StepNumber=\count297
\FV@OutFile=\write3
)
(d:/TexLive/DIR/texlive/2021/texmf-dist/tex/latex/abstract/abstract.sty
Package: abstract 2009/06/08 v1.2a configurable abstracts
\abstitleskip=\skip63
\absleftindent=\skip64
\absrightindent=\skip65
\absparindent=\skip66
\absparsep=\skip67
)
(d:/TexLive/DIR/texlive/2021/texmf-dist/tex/generic/hologo/hologo.sty
Package: hologo 2019/12/05 v1.14 A logo collection with bookmark support (HO)
)
(d:/TexLive/DIR/texlive/2021/texmf-dist/tex/latex/caption/caption.sty
Package: caption 2020/10/26 v3.5g Customizing captions (AR)

(d:/TexLive/DIR/texlive/2021/texmf-dist/tex/latex/caption/caption3.sty
Package: caption3 2020/10/21 v2.2e caption3 kernel (AR)
\captionmargin=\dimen187
\captionmargin@=\dimen188
\captionwidth=\dimen189
\caption@tempdima=\dimen190
\caption@indent=\dimen191
\caption@parindent=\dimen192
\caption@hangindent=\dimen193
Package caption Info: Standard document class detected.
)
\c@caption@flags=\count298
\c@continuedfloat=\count299
Package caption Info: hyperref package is loaded.
)
(d:/TexLive/DIR/texlive/2021/texmf-dist/tex/latex/enumitem/enumitem.sty
Package: enumitem 2019/06/20 v3.9 Customized lists
\labelindent=\skip68
\enit@outerparindent=\dimen194
\enit@toks=\toks28
\enit@inbox=\box97
\enit@count@id=\count300
\enitdp@description=\count301
)
(d:/TexLive/DIR/texlive/2021/texmf-dist/tex/latex/ctex/ctex.sty
(d:/TexLive/DIR/texlive/2021/texmf-dist/tex/latex/l3kernel/expl3.sty
Package: expl3 2021-02-18 L3 programming layer (loader) 

(d:/TexLive/DIR/texlive/2021/texmf-dist/tex/latex/l3backend/l3backend-xetex.def
File: l3backend-xetex.def 2021-03-18 L3 backend support: XeTeX
(|extractbb --version)
\c__kernel_sys_dvipdfmx_version_int=\count302
\l__color_backend_stack_int=\count303
\g__color_backend_stack_int=\count304
\g__graphics_track_int=\count305
\l__pdf_internal_box=\box98
\g__pdf_backend_object_int=\count306
\g__pdf_backend_annotation_int=\count307
\g__pdf_backend_link_int=\count308
))
Package: ctex 2021/03/14 v2.5.6 Chinese adapter in LaTeX (CTEX)

(d:/TexLive/DIR/texlive/2021/texmf-dist/tex/latex/l3packages/xparse/xparse.sty
(d:/TexLive/DIR/texlive/2021/texmf-dist/tex/latex/l3packages/xparse/xparse-2020
-10-01.sty
(d:/TexLive/DIR/texlive/2021/texmf-dist/tex/latex/l3packages/xparse/xparse-gene
ric.tex)))
(d:/TexLive/DIR/texlive/2021/texmf-dist/tex/latex/l3packages/l3keys2e/l3keys2e.
sty
Package: l3keys2e 2021-03-12 LaTeX2e option processing using LaTeX3 keys
) (d:/TexLive/DIR/texlive/2021/texmf-dist/tex/latex/ctex/ctexhook.sty
Package: ctexhook 2021/03/14 v2.5.6 Document and package hooks (CTEX)
)
(d:/TexLive/DIR/texlive/2021/texmf-dist/tex/latex/ctex/ctexpatch.sty
Package: ctexpatch 2021/03/14 v2.5.6 Patching commands (CTEX)
)
(d:/TexLive/DIR/texlive/2021/texmf-dist/tex/latex/base/fix-cm.sty
Package: fix-cm 2015/01/14 v1.1t fixes to LaTeX

(d:/TexLive/DIR/texlive/2021/texmf-dist/tex/latex/base/ts1enc.def
File: ts1enc.def 2001/06/05 v3.0e (jk/car/fm) Standard LaTeX file
LaTeX Font Info:    Redeclaring font encoding TS1 on input line 47.
))
(d:/TexLive/DIR/texlive/2021/texmf-dist/tex/latex/everysel/everysel.sty
Package: everysel 2021/01/20 v2.1 EverySelectfont Package (MS)

(d:/TexLive/DIR/texlive/2021/texmf-dist/tex/latex/everysel/everysel-2011-10-28.
sty))
\l__ctex_tmp_int=\count309
\l__ctex_tmp_box=\box99
\l__ctex_tmp_dim=\dimen195
\g__ctex_section_depth_int=\count310
\g__ctex_font_size_int=\count311

(d:/TexLive/DIR/texlive/2021/texmf-dist/tex/latex/ctex/config/ctexopts.cfg
File: ctexopts.cfg 2021/03/14 v2.5.6 Option configuration file (CTEX)
)
(d:/TexLive/DIR/texlive/2021/texmf-dist/tex/latex/ctex/engine/ctex-engine-xetex
.def
File: ctex-engine-xetex.def 2021/03/14 v2.5.6 XeLaTeX adapter (CTEX)
 (d:/TexLive/DIR/texlive/2021/texmf-dist/tex/xelatex/xecjk/xeCJK.sty
Package: xeCJK 2020/10/19 v3.8.6 Typesetting CJK scripts with XeLaTeX

(d:/TexLive/DIR/texlive/2021/texmf-dist/tex/latex/l3packages/xtemplate/xtemplat
e.sty
Package: xtemplate 2021-03-12 L3 Experimental prototype document functions
\l__xtemplate_tmp_dim=\dimen196
\l__xtemplate_tmp_int=\count312
\l__xtemplate_tmp_muskip=\muskip18
\l__xtemplate_tmp_skip=\skip69
)
\l__xeCJK_tmp_int=\count313
\l__xeCJK_tmp_box=\box100
\l__xeCJK_tmp_dim=\dimen197
\l__xeCJK_tmp_skip=\skip70
\g__xeCJK_space_factor_int=\count314
\l__xeCJK_begin_int=\count315
\l__xeCJK_end_int=\count316
\c__xeCJK_CJK_class_int=\XeTeXcharclass1
\c__xeCJK_FullLeft_class_int=\XeTeXcharclass2
\c__xeCJK_FullRight_class_int=\XeTeXcharclass3
\c__xeCJK_HalfLeft_class_int=\XeTeXcharclass4
\c__xeCJK_HalfRight_class_int=\XeTeXcharclass5
\c__xeCJK_NormalSpace_class_int=\XeTeXcharclass6
\c__xeCJK_CM_class_int=\XeTeXcharclass7
\c__xeCJK_HangulJamo_class_int=\XeTeXcharclass8
\l__xeCJK_last_skip=\skip71
\g__xeCJK_node_int=\count317
\c__xeCJK_CJK_node_dim=\dimen198
\c__xeCJK_CJK-space_node_dim=\dimen199
\c__xeCJK_default_node_dim=\dimen256
\c__xeCJK_default-space_node_dim=\dimen257
\c__xeCJK_CJK-widow_node_dim=\dimen258
\c__xeCJK_normalspace_node_dim=\dimen259
\l__xeCJK_ccglue_skip=\skip72
\l__xeCJK_ecglue_skip=\skip73
\l__xeCJK_punct_kern_skip=\skip74
\l__xeCJK_last_penalty_int=\count318
\l__xeCJK_last_bound_dim=\dimen260
\l__xeCJK_last_kern_dim=\dimen261
\l__xeCJK_widow_penalty_int=\count319

Package xtemplate Info: Declaring object type 'xeCJK/punctuation' taking 0
(xtemplate)             argument(s) on line 2341.

\l__xeCJK_fixed_punct_width_dim=\dimen262
\l__xeCJK_mixed_punct_width_dim=\dimen263
\l__xeCJK_middle_punct_width_dim=\dimen264
\l__xeCJK_fixed_margin_width_dim=\dimen265
\l__xeCJK_mixed_margin_width_dim=\dimen266
\l__xeCJK_middle_margin_width_dim=\dimen267
\l__xeCJK_bound_punct_width_dim=\dimen268
\l__xeCJK_bound_margin_width_dim=\dimen269
\l__xeCJK_margin_minimum_dim=\dimen270
\l__xeCJK_kerning_total_width_dim=\dimen271
\l__xeCJK_same_align_margin_dim=\dimen272
\l__xeCJK_different_align_margin_dim=\dimen273
\l__xeCJK_kerning_margin_width_dim=\dimen274
\l__xeCJK_kerning_margin_minimum_dim=\dimen275
\l__xeCJK_bound_dim=\dimen276
\l__xeCJK_reverse_bound_dim=\dimen277
\l__xeCJK_margin_dim=\dimen278
\l__xeCJK_minimum_bound_dim=\dimen279
\l__xeCJK_kerning_margin_dim=\dimen280
\g__xeCJK_family_int=\count320
\l__xeCJK_fam_int=\count321
\g__xeCJK_fam_allocation_int=\count322
\l__xeCJK_verb_case_int=\count323
\l__xeCJK_verb_exspace_skip=\skip75
 (d:/TexLive/DIR/texlive/2021/texmf-dist/tex/latex/fontspec/fontspec.sty
Package: fontspec 2020/02/21 v2.7i Font selection for XeLaTeX and LuaLaTeX

(d:/TexLive/DIR/texlive/2021/texmf-dist/tex/latex/fontspec/fontspec-xetex.sty
Package: fontspec-xetex 2020/02/21 v2.7i Font selection for XeLaTeX and LuaLaTe
X
\l__fontspec_script_int=\count324
\l__fontspec_language_int=\count325
\l__fontspec_strnum_int=\count326
\l__fontspec_tmp_int=\count327
\l__fontspec_tmpa_int=\count328
\l__fontspec_tmpb_int=\count329
\l__fontspec_tmpc_int=\count330
\l__fontspec_em_int=\count331
\l__fontspec_emdef_int=\count332
\l__fontspec_strong_int=\count333
\l__fontspec_strongdef_int=\count334
\l__fontspec_tmpa_dim=\dimen281
\l__fontspec_tmpb_dim=\dimen282
\l__fontspec_tmpc_dim=\dimen283

(d:/TexLive/DIR/texlive/2021/texmf-dist/tex/latex/base/fontenc.sty
Package: fontenc 2020/08/10 v2.0s Standard LaTeX package
)
(d:/TexLive/DIR/texlive/2021/texmf-dist/tex/latex/fontspec/fontspec.cfg)))
(d:/TexLive/DIR/texlive/2021/texmf-dist/tex/xelatex/xecjk/xeCJK.cfg
File: xeCJK.cfg 2020/10/19 v3.8.6 Configuration file for xeCJK package
))
\ccwd=\dimen284
\l__ctex_ccglue_skip=\skip76
)
\l__ctex_ziju_dim=\dimen285

(d:/TexLive/DIR/texlive/2021/texmf-dist/tex/latex/zhnumber/zhnumber.sty
Package: zhnumber 2020/05/01 v2.8 Typesetting numbers with Chinese glyphs
\l__zhnum_scale_int=\count335

(d:/TexLive/DIR/texlive/2021/texmf-dist/tex/latex/zhnumber/zhnumber-utf8.cfg
File: zhnumber-utf8.cfg 2020/05/01 v2.8 Chinese numerals with UTF8 encoding
))
(d:/TexLive/DIR/texlive/2021/texmf-dist/tex/latex/ctex/scheme/ctex-scheme-plain
.def
File: ctex-scheme-plain.def 2021/03/14 v2.5.6 Plain scheme for generic (CTEX)
)
(d:/TexLive/DIR/texlive/2021/texmf-dist/tex/latex/ctex/fontset/ctex-fontset-fan
dol.def
File: ctex-fontset-fandol.def 2021/03/14 v2.5.6 Fandol fonts definition (CTEX)


Package fontspec Warning: Font "FandolSong-Regular" does not contain requested
(fontspec)                Script "CJK".


Package fontspec Info: Font family 'FandolSong-Regular(0)' created for font
(fontspec)             'FandolSong-Regular' with options
(fontspec)             [Script={CJK},Extension={.otf},BoldFont={FandolSong-Bold
},ItalicFont={FandolKai-Regular}].
(fontspec)              
(fontspec)              This font family consists of the following NFSS
(fontspec)             series/shapes:
(fontspec)              
(fontspec)             - 'normal' (m/n) with NFSS spec.:
(fontspec)             <->"[FandolSong-Regular.otf]/OT:language=dflt;"
(fontspec)             - 'small caps'  (m/sc) with NFSS spec.: 
(fontspec)             - 'bold' (b/n) with NFSS spec.:
(fontspec)             <->"[FandolSong-Bold.otf]/OT:language=dflt;"
(fontspec)             - 'bold small caps'  (b/sc) with NFSS spec.: 
(fontspec)             - 'italic' (m/it) with NFSS spec.:
(fontspec)             <->"[FandolKai-Regular.otf]/OT:language=dflt;"
(fontspec)             - 'italic small caps'  (m/scit) with NFSS spec.: 

)) (d:/TexLive/DIR/texlive/2021/texmf-dist/tex/latex/ctex/config/ctex.cfg
File: ctex.cfg 2021/03/14 v2.5.6 Configuration file (CTEX)
)
(d:/TexLive/DIR/texlive/2021/texmf-dist/tex/latex/newtx/newtxtext.sty
Package: newtxtext 2020/09/19 v1.630

`newtxtext' v1.630, 2020/09/19 Text macros taking advantage of TeX-Gyre Termes 
fonts (msharpe)
(d:/TexLive/DIR/texlive/2021/texmf-dist/tex/latex/fontaxes/fontaxes.sty
Package: fontaxes 2020/07/21 v1.0e Font selection axes
LaTeX Info: Redefining \upshape on input line 29.
LaTeX Info: Redefining \itshape on input line 31.
LaTeX Info: Redefining \slshape on input line 33.
LaTeX Info: Redefining \swshape on input line 35.
LaTeX Info: Redefining \scshape on input line 37.
LaTeX Info: Redefining \sscshape on input line 39.
LaTeX Info: Redefining \ulcshape on input line 41.
LaTeX Info: Redefining \textsw on input line 47.
LaTeX Info: Redefining \textssc on input line 48.
LaTeX Info: Redefining \textulc on input line 49.
)
\ntx@fs=\dimen286

(d:/TexLive/DIR/texlive/2021/texmf-dist/tex/latex/xkeyval/xkeyval.sty
Package: xkeyval 2020/11/20 v2.8 package option processing (HA)

(d:/TexLive/DIR/texlive/2021/texmf-dist/tex/generic/xkeyval/xkeyval.tex
(d:/TexLive/DIR/texlive/2021/texmf-dist/tex/generic/xkeyval/xkvutils.tex
\XKV@toks=\toks29
\XKV@tempa@toks=\toks30
)
\XKV@depth=\count336
File: xkeyval.tex 2014/12/03 v2.7a key=value parser (HA)
))
(d:/TexLive/DIR/texlive/2021/texmf-dist/tex/generic/xstring/xstring.sty
(d:/TexLive/DIR/texlive/2021/texmf-dist/tex/generic/xstring/xstring.tex
\integerpart=\count337
Invalid UTF-8 byte or sequence at line 35 replaced by U+FFFD.
\decimalpart=\count338
Invalid UTF-8 byte or sequence at line 79 replaced by U+FFFD.
Invalid UTF-8 byte or sequence at line 79 replaced by U+FFFD.
Invalid UTF-8 byte or sequence at line 83 replaced by U+FFFD.
Invalid UTF-8 byte or sequence at line 86 replaced by U+FFFD.
Invalid UTF-8 byte or sequence at line 102 replaced by U+FFFD.
Invalid UTF-8 byte or sequence at line 114 replaced by U+FFFD.
Invalid UTF-8 byte or sequence at line 120 replaced by U+FFFD.
Invalid UTF-8 byte or sequence at line 125 replaced by U+FFFD.
Invalid UTF-8 byte or sequence at line 147 replaced by U+FFFD.
Invalid UTF-8 byte or sequence at line 147 replaced by U+FFFD.
Invalid UTF-8 byte or sequence at line 147 replaced by U+FFFD.
Invalid UTF-8 byte or sequence at line 182 replaced by U+FFFD.
Invalid UTF-8 byte or sequence at line 182 replaced by U+FFFD.
Invalid UTF-8 byte or sequence at line 182 replaced by U+FFFD.
Invalid UTF-8 byte or sequence at line 183 replaced by U+FFFD.
Invalid UTF-8 byte or sequence at line 184 replaced by U+FFFD.
Invalid UTF-8 byte or sequence at line 185 replaced by U+FFFD.
Invalid UTF-8 byte or sequence at line 185 replaced by U+FFFD.
Invalid UTF-8 byte or sequence at line 185 replaced by U+FFFD.
Invalid UTF-8 byte or sequence at line 189 replaced by U+FFFD.
Invalid UTF-8 byte or sequence at line 189 replaced by U+FFFD.
Invalid UTF-8 byte or sequence at line 190 replaced by U+FFFD.
Invalid UTF-8 byte or sequence at line 190 replaced by U+FFFD.
Invalid UTF-8 byte or sequence at line 193 replaced by U+FFFD.
Invalid UTF-8 byte or sequence at line 208 replaced by U+FFFD.
Invalid UTF-8 byte or sequence at line 208 replaced by U+FFFD.
Invalid UTF-8 byte or sequence at line 208 replaced by U+FFFD.
Invalid UTF-8 byte or sequence at line 208 replaced by U+FFFD.
Invalid UTF-8 byte or sequence at line 208 replaced by U+FFFD.
Invalid UTF-8 byte or sequence at line 208 replaced by U+FFFD.
Invalid UTF-8 byte or sequence at line 221 replaced by U+FFFD.
Invalid UTF-8 byte or sequence at line 221 replaced by U+FFFD.
Invalid UTF-8 byte or sequence at line 241 replaced by U+FFFD.
Invalid UTF-8 byte or sequence at line 241 replaced by U+FFFD.
Invalid UTF-8 byte or sequence at line 241 replaced by U+FFFD.
Invalid UTF-8 byte or sequence at line 241 replaced by U+FFFD.
Invalid UTF-8 byte or sequence at line 266 replaced by U+FFFD.
Invalid UTF-8 byte or sequence at line 284 replaced by U+FFFD.
Invalid UTF-8 byte or sequence at line 295 replaced by U+FFFD.
Invalid UTF-8 byte or sequence at line 300 replaced by U+FFFD.
Invalid UTF-8 byte or sequence at line 300 replaced by U+FFFD.
Invalid UTF-8 byte or sequence at line 301 replaced by U+FFFD.
Invalid UTF-8 byte or sequence at line 301 replaced by U+FFFD.
Invalid UTF-8 byte or sequence at line 301 replaced by U+FFFD.
Invalid UTF-8 byte or sequence at line 302 replaced by U+FFFD.
Invalid UTF-8 byte or sequence at line 303 replaced by U+FFFD.
Invalid UTF-8 byte or sequence at line 332 replaced by U+FFFD.
Invalid UTF-8 byte or sequence at line 332 replaced by U+FFFD.
Invalid UTF-8 byte or sequence at line 332 replaced by U+FFFD.
Invalid UTF-8 byte or sequence at line 332 replaced by U+FFFD.
Invalid UTF-8 byte or sequence at line 333 replaced by U+FFFD.
Invalid UTF-8 byte or sequence at line 334 replaced by U+FFFD.
Invalid UTF-8 byte or sequence at line 334 replaced by U+FFFD.
Invalid UTF-8 byte or sequence at line 334 replaced by U+FFFD.
Invalid UTF-8 byte or sequence at line 406 replaced by U+FFFD.
Invalid UTF-8 byte or sequence at line 406 replaced by U+FFFD.
Invalid UTF-8 byte or sequence at line 409 replaced by U+FFFD.
Invalid UTF-8 byte or sequence at line 410 replaced by U+FFFD.
Invalid UTF-8 byte or sequence at line 428 replaced by U+FFFD.
Invalid UTF-8 byte or sequence at line 434 replaced by U+FFFD.
Invalid UTF-8 byte or sequence at line 457 replaced by U+FFFD.
Invalid UTF-8 byte or sequence at line 457 replaced by U+FFFD.
Invalid UTF-8 byte or sequence at line 464 replaced by U+FFFD.
Invalid UTF-8 byte or sequence at line 464 replaced by U+FFFD.
Invalid UTF-8 byte or sequence at line 466 replaced by U+FFFD.
Invalid UTF-8 byte or sequence at line 466 replaced by U+FFFD.
Invalid UTF-8 byte or sequence at line 541 replaced by U+FFFD.
Invalid UTF-8 byte or sequence at line 541 replaced by U+FFFD.
Invalid UTF-8 byte or sequence at line 541 replaced by U+FFFD.
Invalid UTF-8 byte or sequence at line 586 replaced by U+FFFD.
Invalid UTF-8 byte or sequence at line 586 replaced by U+FFFD.
Invalid UTF-8 byte or sequence at line 588 replaced by U+FFFD.
Invalid UTF-8 byte or sequence at line 588 replaced by U+FFFD.
Invalid UTF-8 byte or sequence at line 595 replaced by U+FFFD.
Invalid UTF-8 byte or sequence at line 597 replaced by U+FFFD.
Invalid UTF-8 byte or sequence at line 599 replaced by U+FFFD.
Invalid UTF-8 byte or sequence at line 602 replaced by U+FFFD.
Invalid UTF-8 byte or sequence at line 605 replaced by U+FFFD.
Invalid UTF-8 byte or sequence at line 605 replaced by U+FFFD.
Invalid UTF-8 byte or sequence at line 610 replaced by U+FFFD.
Invalid UTF-8 byte or sequence at line 615 replaced by U+FFFD.
Invalid UTF-8 byte or sequence at line 632 replaced by U+FFFD.
Invalid UTF-8 byte or sequence at line 632 replaced by U+FFFD.
Invalid UTF-8 byte or sequence at line 633 replaced by U+FFFD.
Invalid UTF-8 byte or sequence at line 635 replaced by U+FFFD.
Invalid UTF-8 byte or sequence at line 637 replaced by U+FFFD.
Invalid UTF-8 byte or sequence at line 647 replaced by U+FFFD.
Invalid UTF-8 byte or sequence at line 653 replaced by U+FFFD.
Invalid UTF-8 byte or sequence at line 678 replaced by U+FFFD.
Invalid UTF-8 byte or sequence at line 700 replaced by U+FFFD.
Invalid UTF-8 byte or sequence at line 705 replaced by U+FFFD.
Invalid UTF-8 byte or sequence at line 715 replaced by U+FFFD.
Invalid UTF-8 byte or sequence at line 715 replaced by U+FFFD.
Invalid UTF-8 byte or sequence at line 715 replaced by U+FFFD.
Invalid UTF-8 byte or sequence at line 719 replaced by U+FFFD.
Invalid UTF-8 byte or sequence at line 732 replaced by U+FFFD.
Invalid UTF-8 byte or sequence at line 732 replaced by U+FFFD.
Invalid UTF-8 byte or sequence at line 741 replaced by U+FFFD.
Invalid UTF-8 byte or sequence at line 741 replaced by U+FFFD.
Invalid UTF-8 byte or sequence at line 742 replaced by U+FFFD.
Invalid UTF-8 byte or sequence at line 742 replaced by U+FFFD.
Invalid UTF-8 byte or sequence at line 762 replaced by U+FFFD.
Invalid UTF-8 byte or sequence at line 773 replaced by U+FFFD.
Invalid UTF-8 byte or sequence at line 773 replaced by U+FFFD.
Invalid UTF-8 byte or sequence at line 774 replaced by U+FFFD.
Invalid UTF-8 byte or sequence at line 774 replaced by U+FFFD.
Invalid UTF-8 byte or sequence at line 774 replaced by U+FFFD.
Invalid UTF-8 byte or sequence at line 797 replaced by U+FFFD.
Invalid UTF-8 byte or sequence at line 797 replaced by U+FFFD.
Invalid UTF-8 byte or sequence at line 810 replaced by U+FFFD.
Invalid UTF-8 byte or sequence at line 824 replaced by U+FFFD.
Invalid UTF-8 byte or sequence at line 824 replaced by U+FFFD.
Invalid UTF-8 byte or sequence at line 831 replaced by U+FFFD.
Invalid UTF-8 byte or sequence at line 838 replaced by U+FFFD.
Invalid UTF-8 byte or sequence at line 838 replaced by U+FFFD.
Invalid UTF-8 byte or sequence at line 846 replaced by U+FFFD.
Invalid UTF-8 byte or sequence at line 846 replaced by U+FFFD.
Invalid UTF-8 byte or sequence at line 861 replaced by U+FFFD.
Invalid UTF-8 byte or sequence at line 862 replaced by U+FFFD.
Invalid UTF-8 byte or sequence at line 864 replaced by U+FFFD.
Invalid UTF-8 byte or sequence at line 864 replaced by U+FFFD.
Invalid UTF-8 byte or sequence at line 908 replaced by U+FFFD.
Invalid UTF-8 byte or sequence at line 909 replaced by U+FFFD.
Invalid UTF-8 byte or sequence at line 909 replaced by U+FFFD.
Invalid UTF-8 byte or sequence at line 934 replaced by U+FFFD.
Invalid UTF-8 byte or sequence at line 934 replaced by U+FFFD.
Invalid UTF-8 byte or sequence at line 936 replaced by U+FFFD.
Invalid UTF-8 byte or sequence at line 936 replaced by U+FFFD.
Invalid UTF-8 byte or sequence at line 940 replaced by U+FFFD.
Invalid UTF-8 byte or sequence at line 940 replaced by U+FFFD.
Invalid UTF-8 byte or sequence at line 962 replaced by U+FFFD.
Invalid UTF-8 byte or sequence at line 962 replaced by U+FFFD.
Invalid UTF-8 byte or sequence at line 964 replaced by U+FFFD.
Invalid UTF-8 byte or sequence at line 965 replaced by U+FFFD.
Invalid UTF-8 byte or sequence at line 1006 replaced by U+FFFD.
)
Package: xstring 2019/02/06 v1.83 String manipulations (CT)
)
(d:/TexLive/DIR/texlive/2021/texmf-dist/tex/latex/base/ifthen.sty
Package: ifthen 2014/09/29 v1.1c Standard LaTeX ifthen package (DPC)
)
(d:/TexLive/DIR/texlive/2021/texmf-dist/tex/latex/carlisle/scalefnt.sty)
(d:/TexLive/DIR/texlive/2021/texmf-dist/tex/latex/base/fontenc.sty
Package: fontenc 2020/08/10 v2.0s Standard LaTeX package
LaTeX Font Info:    Trying to load font information for T1+ntxtlf on input line
 112.

(d:/TexLive/DIR/texlive/2021/texmf-dist/tex/latex/newtx/t1ntxtlf.fd
File: t1ntxtlf.fd 2015/01/17 v1.0 font definition file for T1/ntx/tlf
)
LaTeX Font Info:    Font shape `T1/ntxtlf/m/n' will be
(Font)              scaled to size 10.95pt on input line 112.
)
(d:/TexLive/DIR/texlive/2021/texmf-dist/tex/latex/base/textcomp.sty
Package: textcomp 2020/02/02 v2.0n Standard LaTeX package
LaTeX Font Info:    Changing ? sub-encoding to TS1/0 on input line 75.
)
LaTeX Info: Redefining \textin on input line 103.
\ntxt@cntz=\count339
LaTeX Font Info:    Redeclaring math symbol \mathsterling on input line 316.
)
(d:/TexLive/DIR/texlive/2021/texmf-dist/tex/latex/appendix/appendix.sty
Package: appendix 2020/02/08 v1.2c extra appendix facilities
\c@@pps=\count340
\c@@ppsavesec=\count341
\c@@ppsaveapp=\count342
)
\c@theorem=\count343
\c@definition=\count344
\c@conjecture=\count345
\c@example=\count346
\c@case=\count347

(d:/TexLive/DIR/texlive/2021/texmf-dist/tex/latex/gbt7714/gbt7714.sty
Package: gbt7714 2020/12/17 v2.1 GB/T 7714—2015 BibTeX Style

(d:/TexLive/DIR/texlive/2021/texmf-dist/tex/latex/natbib/natbib.sty
Package: natbib 2010/09/13 8.31b (PWD, AO)
\bibhang=\skip77
\bibsep=\skip78
LaTeX Info: Redefining \cite on input line 694.
\c@NAT@ctr=\count348
))
\version=\toks31
\institute=\toks32

(d:/TexLive/DIR/texlive/2021/texmf-dist/tex/latex/listings/listings.sty
\lst@mode=\count349
\lst@gtempboxa=\box101
\lst@token=\toks33
\lst@length=\count350
\lst@currlwidth=\dimen287
\lst@column=\count351
\lst@pos=\count352
\lst@lostspace=\dimen288
\lst@width=\dimen289
\lst@newlines=\count353
\lst@lineno=\count354
\lst@maxwidth=\dimen290

(d:/TexLive/DIR/texlive/2021/texmf-dist/tex/latex/listings/lstmisc.sty
File: lstmisc.sty 2020/03/24 1.8d (Carsten Heinz)
\c@lstnumber=\count355
\lst@skipnumbers=\count356
\lst@framebox=\box102
)
(d:/TexLive/DIR/texlive/2021/texmf-dist/tex/latex/listings/listings.cfg
File: listings.cfg 2020/03/24 1.8d listings configuration
))
Package: listings 2020/03/24 1.8d (Carsten Heinz)

(d:/TexLive/DIR/texlive/2021/texmf-dist/tex/xelatex/xecjk/xeCJK-listings.sty
Package: xeCJK-listings 2020/10/19 v3.8.6 xeCJK patch file for listings
\l__xeCJK_listings_max_char_int=\count357
\l__xeCJK_listings_flag_int=\count358
)
(d:/TexLive/DIR/texlive/2021/texmf-dist/tex/latex/listings/lstlang1.sty
File: lstlang1.sty 2020/03/24 1.8d listings language file
)
(d:/TexLive/DIR/texlive/2021/texmf-dist/tex/latex/listings/lstlang2.sty
File: lstlang2.sty 2020/03/24 1.8d listings language file
)
(d:/TexLive/DIR/texlive/2021/texmf-dist/tex/latex/listings/lstlang3.sty
File: lstlang3.sty 2020/03/24 1.8d listings language file
)
(d:/TexLive/DIR/texlive/2021/texmf-dist/tex/latex/listings/lstlang1.sty
File: lstlang1.sty 2020/03/24 1.8d listings language file
)
(d:/TexLive/DIR/texlive/2021/texmf-dist/tex/latex/listings/lstlang2.sty
File: lstlang2.sty 2020/03/24 1.8d listings language file
)
(d:/TexLive/DIR/texlive/2021/texmf-dist/tex/latex/listings/lstlang3.sty
File: lstlang3.sty 2020/03/24 1.8d listings language file
)
(d:/TexLive/DIR/texlive/2021/texmf-dist/tex/latex/listings/lstlang1.sty
File: lstlang1.sty 2020/03/24 1.8d listings language file
)
(d:/TexLive/DIR/texlive/2021/texmf-dist/tex/latex/listings/lstlang2.sty
File: lstlang2.sty 2020/03/24 1.8d listings language file
)
(d:/TexLive/DIR/texlive/2021/texmf-dist/tex/latex/listings/lstlang3.sty
File: lstlang3.sty 2020/03/24 1.8d listings language file
)
(d:/TexLive/DIR/texlive/2021/texmf-dist/tex/latex/listings/lstmisc.sty
File: lstmisc.sty 2020/03/24 1.8d (Carsten Heinz)
))
(d:/TexLive/DIR/texlive/2021/texmf-dist/tex/latex/tools/array.sty
Package: array 2020/10/01 v2.5c Tabular extension package (FMi)
\col@sep=\dimen291
\ar@mcellbox=\box103
\extrarowheight=\dimen292
\NC@list=\toks34
\extratabsurround=\skip79
\backup@length=\skip80
\ar@cellbox=\box104
)
(./林搏海Lab2.aux)
\openout1 = `林搏海Lab2.aux'.

LaTeX Font Info:    Checking defaults for OML/cmm/m/it on input line 18.
LaTeX Font Info:    ... okay on input line 18.
LaTeX Font Info:    Checking defaults for OMS/cmsy/m/n on input line 18.
LaTeX Font Info:    ... okay on input line 18.
LaTeX Font Info:    Checking defaults for OT1/cmr/m/n on input line 18.
LaTeX Font Info:    ... okay on input line 18.
LaTeX Font Info:    Checking defaults for T1/cmr/m/n on input line 18.
LaTeX Font Info:    ... okay on input line 18.
LaTeX Font Info:    Checking defaults for TS1/cmr/m/n on input line 18.
LaTeX Font Info:    ... okay on input line 18.
LaTeX Font Info:    Checking defaults for TU/lmr/m/n on input line 18.
LaTeX Font Info:    ... okay on input line 18.
LaTeX Font Info:    Checking defaults for OMX/cmex/m/n on input line 18.
LaTeX Font Info:    ... okay on input line 18.
LaTeX Font Info:    Checking defaults for U/cmr/m/n on input line 18.
LaTeX Font Info:    ... okay on input line 18.
LaTeX Font Info:    Checking defaults for PD1/pdf/m/n on input line 18.
LaTeX Font Info:    ... okay on input line 18.
LaTeX Font Info:    Checking defaults for PU/pdf/m/n on input line 18.
LaTeX Font Info:    ... okay on input line 18.
Package hyperref Info: Link coloring ON on input line 18.

(d:/TexLive/DIR/texlive/2021/texmf-dist/tex/latex/hyperref/nameref.sty
Package: nameref 2021-04-02 v2.47 Cross-referencing by name of section

(d:/TexLive/DIR/texlive/2021/texmf-dist/tex/latex/refcount/refcount.sty
Package: refcount 2019/12/15 v3.6 Data extraction from label references (HO)
)
(d:/TexLive/DIR/texlive/2021/texmf-dist/tex/generic/gettitlestring/gettitlestri
ng.sty
Package: gettitlestring 2019/12/15 v1.6 Cleanup title references (HO)
)
\c@section@level=\count359
)
LaTeX Info: Redefining \ref on input line 18.
LaTeX Info: Redefining \pageref on input line 18.
LaTeX Info: Redefining \nameref on input line 18.
 (./林搏海Lab2.out) (./林搏海Lab2.out)
\@outlinefile=\write4
\openout4 = `林搏海Lab2.out'.


*geometry* driver: auto-detecting
*geometry* detected driver: xetex
*geometry* verbose mode - [ preamble ] result:
* driver: xetex
* paper: a4paper
* layout: <same size as paper>
* layoutoffset:(h,v)=(0.0pt,0.0pt)
* modes: 
* h-part:(L,W,R)=(72.26999pt, 452.9679pt, 72.26999pt)
* v-part:(T,H,B)=(72.26999pt, 700.50687pt, 72.26999pt)
* \paperwidth=597.50787pt
* \paperheight=845.04684pt
* \textwidth=452.9679pt
* \textheight=700.50687pt
* \oddsidemargin=0.0pt
* \evensidemargin=0.0pt
* \topmargin=0.0pt
* \headheight=0.0pt
* \headsep=5.0pt
* \topskip=11.0pt
* \footskip=30.0pt
* \marginparwidth=50.0pt
* \marginparsep=10.0pt
* \columnsep=10.0pt
* \skip\footins=10.0pt plus 4.0pt minus 2.0pt
* \hoffset=0.0pt
* \voffset=0.0pt
* \mag=1000
* \@twocolumnfalse
* \@twosidefalse
* \@mparswitchfalse
* \@reversemarginfalse
* (1in=72.27pt=25.4mm, 1cm=28.453pt)

Package caption Info: Begin \AtBeginDocument code.
Package caption Info: listings package is loaded.
Package caption Info: End \AtBeginDocument code.
ABD: EverySelectfont initializing macros
LaTeX Info: Redefining \selectfont on input line 18.
\c@mv@tabular=\count360
\c@mv@boldtabular=\count361

(d:/TexLive/DIR/texlive/2021/texmf-dist/tex/latex/footmisc/footmisc.sty
Package: footmisc 2011/06/06 v5.5b a miscellany of footnote facilities
\FN@temptoken=\toks35
\footnotemargin=\dimen293
\c@pp@next@reset=\count362
Package footmisc Info: Declaring symbol style bringhurst on input line 855.
Package footmisc Info: Declaring symbol style chicago on input line 863.
Package footmisc Info: Declaring symbol style wiley on input line 872.
Package footmisc Info: Declaring symbol style lamport-robust on input line 883.

Package footmisc Info: Declaring symbol style lamport* on input line 903.
Package footmisc Info: Declaring symbol style lamport*-robust on input line 924
.
)
\c@lstlisting=\count363
LaTeX Font Info:    Font shape `T1/ntxtlf/m/n' will be
(Font)              scaled to size 17.28pt on input line 20.
LaTeX Font Info:    Font shape `T1/ntxtlf/b/n' will be
(Font)              scaled to size 17.28pt on input line 20.
LaTeX Font Info:    Font shape `T1/ntxtlf/m/n' will be
(Font)              scaled to size 12.0pt on input line 20.
LaTeX Font Info:    Font shape `T1/ntxtlf/m/n' will be
(Font)              scaled to size 10.0pt on input line 20.
LaTeX Font Info:    Trying to load font information for U+msa on input line 20.


(d:/TexLive/DIR/texlive/2021/texmf-dist/tex/latex/amsfonts/umsa.fd
File: umsa.fd 2013/01/14 v3.01 AMS symbols A
)
LaTeX Font Info:    Trying to load font information for U+msb on input line 20.


(d:/TexLive/DIR/texlive/2021/texmf-dist/tex/latex/amsfonts/umsb.fd
File: umsb.fd 2013/01/14 v3.01 AMS symbols B
)

Package fontspec Warning: Font "FandolKai-Regular" does not contain requested
(fontspec)                Script "CJK".


Package fontspec Info: Font family 'FandolKai-Regular(0)' created for font
(fontspec)             'FandolKai-Regular' with options
(fontspec)             [Script={CJK},Extension={.otf}].
(fontspec)              
(fontspec)              This font family consists of the following NFSS
(fontspec)             series/shapes:
(fontspec)              
(fontspec)             - 'normal' (m/n) with NFSS spec.:
(fontspec)             <->"[FandolKai-Regular.otf]/OT:language=dflt;"
(fontspec)             - 'small caps'  (m/sc) with NFSS spec.: 

LaTeX Font Info:    Font shape `T1/ntxtlf/b/n' will be
(Font)              scaled to size 10.0pt on input line 22.
LaTeX Font Info:    Font shape `T1/ntxtlf/m/n' will be
(Font)              scaled to size 14.4pt on input line 29.
LaTeX Font Info:    Font shape `T1/ntxtlf/b/n' will be
(Font)              scaled to size 14.4pt on input line 29.
LaTeX Font Info:    Font shape `T1/ntxtlf/b/n' will be
(Font)              scaled to size 12.0pt on input line 30.
File: pics//11.png Graphic file (type bmp)
<pics//11.png>

LaTeX Warning: `h' float specifier changed to `ht'.

File: pics//22.png Graphic file (type bmp)
<pics//22.png>
[1

]
File: pics//33.png Graphic file (type bmp)
<pics//33.png>


LaTeX Warning: `h' float specifier changed to `ht'.

[2] [3] (./林搏海Lab2.aux)
Package rerunfilecheck Info: File `林搏海Lab2.out' has not changed.
(rerunfilecheck)             Checksum: 29F684C3CD70C38383A8C6A17A8A6BBF;499.
 ) 
Here is how much of TeX's memory you used:
 20721 strings out of 476919
 402754 string characters out of 5820049
 1003372 words of memory out of 5000000
 40358 multiletter control sequences out of 15000+600000
 430846 words of font info for 62 fonts, out of 8000000 for 9000
 1348 hyphenation exceptions out of 8191
 118i,6n,136p,414b,532s stack positions out of 5000i,500n,10000p,200000b,80000s

Output written on 林搏海Lab2.pdf (3 pages).
